# JRE version: OpenJDK Runtime Environment Temurin-17.0.10+7 (17.0.10+7) (build 17.0.10+7)
# Java VM: OpenJDK 64-Bit Server VM Temurin-17.0.10+7 (17.0.10+7, mixed mode, sharing, tiered, compressed oops, compressed class ptrs, g1 gc, windows-amd64)
GC Precious Log:
 CPUs: 12 total, 12 available
 Memory: 5996M
 Large Page Support: Disabled
 NUMA Support: Disabled
 Compressed Oops: Enabled (Zero based)
 Heap Region Size: 4M
 Heap Min Capacity: 8M
 Heap Initial Capacity: 96M
 Heap Max Capacity: 6G
 Pre-touch: Disabled
 Parallel Workers: 10
 Concurrent Workers: 3
 Concurrent Refinement Workers: 10
 Periodic GC: Disabled
Heap:
 garbage-first heap   total 307200K, used 104955K [0x0000000680000000, 0x0000000800000000)
  region size 4096K, 9 young (36864K), 4 survivors (16384K)
 Metaspace       used 39152K, committed 40256K, reserved 1114112K
  class space    used 5008K, committed 5504K, reserved 1048576K
GC Heap History (20 events):
Event: 4.845 GC heap before
{Heap before GC invocations=11 (full 0):
 garbage-first heap   total 151552K, used 109667K [0x0000000680000000, 0x0000000800000000)
  region size 4096K, 12 young (49152K), 3 survivors (12288K)
 Metaspace       used 18788K, committed 19136K, reserved 1114112K
  class space    used 2295K, committed 2432K, reserved 1048576K
}
Event: 4.869 GC heap after
{Heap after GC invocations=12 (full 0):
 garbage-first heap   total 241664K, used 79735K [0x0000000680000000, 0x0000000800000000)
  region size 4096K, 2 young (8192K), 2 survivors (8192K)
 Metaspace       used 18788K, committed 19136K, reserved 1114112K
  class space    used 2295K, committed 2432K, reserved 1048576K
}
Event: 5.307 GC heap before
{Heap before GC invocations=12 (full 0):
 garbage-first heap   total 241664K, used 96119K [0x0000000680000000, 0x0000000800000000)
  region size 4096K, 7 young (28672K), 2 survivors (8192K)
 Metaspace       used 21118K, committed 21504K, reserved 1114112K
  class space    used 2582K, committed 2816K, reserved 1048576K
}
Event: 5.311 GC heap after
{Heap after GC invocations=13 (full 0):
 garbage-first heap   total 241664K, used 80338K [0x0000000680000000, 0x0000000800000000)
  region size 4096K, 2 young (8192K), 2 survivors (8192K)
 Metaspace       used 21118K, committed 21504K, reserved 1114112K
  class space    used 2582K, committed 2816K, reserved 1048576K
}
Event: 5.715 GC heap before
{Heap before GC invocations=14 (full 0):
 garbage-first heap   total 233472K, used 170450K [0x0000000680000000, 0x0000000800000000)
  region size 4096K, 28 young (114688K), 2 survivors (8192K)
 Metaspace       used 25027K, committed 25664K, reserved 1114112K
  class space    used 3089K, committed 3392K, reserved 1048576K
}
Event: 5.730 GC heap after
{Heap after GC invocations=15 (full 0):
 garbage-first heap   total 233472K, used 75529K [0x0000000680000000, 0x0000000800000000)
  region size 4096K, 4 young (16384K), 4 survivors (16384K)
 Metaspace       used 25027K, committed 25664K, reserved 1114112K
  class space    used 3089K, committed 3392K, reserved 1048576K
}
Event: 6.004 GC heap before
{Heap before GC invocations=16 (full 0):
 garbage-first heap   total 233472K, used 165641K [0x0000000680000000, 0x0000000800000000)
  region size 4096K, 26 young (106496K), 4 survivors (16384K)
 Metaspace       used 27578K, committed 28416K, reserved 1114112K
  class space    used 3391K, committed 3776K, reserved 1048576K
}
Event: 6.013 GC heap after
{Heap after GC invocations=17 (full 0):
 garbage-first heap   total 233472K, used 77973K [0x0000000680000000, 0x0000000800000000)
  region size 4096K, 1 young (4096K), 1 survivors (4096K)
 Metaspace       used 27578K, committed 28416K, reserved 1114112K
  class space    used 3391K, committed 3776K, reserved 1048576K
}
Event: 6.118 GC heap before
{Heap before GC invocations=17 (full 0):
 garbage-first heap   total 233472K, used 172181K [0x0000000680000000, 0x0000000800000000)
  region size 4096K, 24 young (98304K), 1 survivors (4096K)
 Metaspace       used 27589K, committed 28416K, reserved 1114112K
  class space    used 3392K, committed 3776K, reserved 1048576K
}
Event: 6.120 GC heap after
{Heap after GC invocations=18 (full 0):
 garbage-first heap   total 233472K, used 78094K [0x0000000680000000, 0x0000000800000000)
  region size 4096K, 1 young (4096K), 1 survivors (4096K)
 Metaspace       used 27589K, committed 28416K, reserved 1114112K
  class space    used 3392K, committed 3776K, reserved 1048576K
}
Event: 6.310 GC heap before
{Heap before GC invocations=18 (full 0):
 garbage-first heap   total 233472K, used 180494K [0x0000000680000000, 0x0000000800000000)
  region size 4096K, 26 young (106496K), 1 survivors (4096K)
 Metaspace       used 27624K, committed 28544K, reserved 1114112K
  class space    used 3394K, committed 3776K, reserved 1048576K
}
Event: 6.313 GC heap after
{Heap after GC invocations=19 (full 0):
 garbage-first heap   total 233472K, used 78367K [0x0000000680000000, 0x0000000800000000)
  region size 4096K, 1 young (4096K), 1 survivors (4096K)
 Metaspace       used 27624K, committed 28544K, reserved 1114112K
  class space    used 3394K, committed 3776K, reserved 1048576K
}
Event: 6.484 GC heap before
{Heap before GC invocations=19 (full 0):
 garbage-first heap   total 233472K, used 184863K [0x0000000680000000, 0x0000000800000000)
  region size 4096K, 27 young (110592K), 1 survivors (4096K)
 Metaspace       used 27944K, committed 28800K, reserved 1114112K
  class space    used 3437K, committed 3840K, reserved 1048576K
}
Event: 6.487 GC heap after
{Heap after GC invocations=20 (full 0):
 garbage-first heap   total 307200K, used 79096K [0x0000000680000000, 0x0000000800000000)
  region size 4096K, 1 young (4096K), 1 survivors (4096K)
 Metaspace       used 27944K, committed 28800K, reserved 1114112K
  class space    used 3437K, committed 3840K, reserved 1048576K
}
Event: 6.837 GC heap before
{Heap before GC invocations=20 (full 0):
 garbage-first heap   total 307200K, used 251128K [0x0000000680000000, 0x0000000800000000)
  region size 4096K, 43 young (176128K), 1 survivors (4096K)
 Metaspace       used 30875K, committed 31808K, reserved 1114112K
  class space    used 3793K, committed 4224K, reserved 1048576K
}
Event: 6.841 GC heap after
{Heap after GC invocations=21 (full 0):
 garbage-first heap   total 307200K, used 81346K [0x0000000680000000, 0x0000000800000000)
  region size 4096K, 2 young (8192K), 2 survivors (8192K)
 Metaspace       used 30875K, committed 31808K, reserved 1114112K
  class space    used 3793K, committed 4224K, reserved 1048576K
}
Event: 7.303 GC heap before
{Heap before GC invocations=21 (full 0):
 garbage-first heap   total 307200K, used 253378K [0x0000000680000000, 0x0000000800000000)
  region size 4096K, 44 young (180224K), 2 survivors (8192K)
 Metaspace       used 35070K, committed 36160K, reserved 1114112K
  class space    used 4237K, committed 4736K, reserved 1048576K
}
Event: 7.310 GC heap after
{Heap after GC invocations=22 (full 0):
 garbage-first heap   total 307200K, used 85273K [0x0000000680000000, 0x0000000800000000)
  region size 4096K, 3 young (12288K), 3 survivors (12288K)
 Metaspace       used 35070K, committed 36160K, reserved 1114112K
  class space    used 4237K, committed 4736K, reserved 1048576K
}
Event: 7.577 GC heap before
{Heap before GC invocations=22 (full 0):
 garbage-first heap   total 307200K, used 253209K [0x0000000680000000, 0x0000000800000000)
  region size 4096K, 44 young (180224K), 3 survivors (12288K)
 Metaspace       used 37893K, committed 39040K, reserved 1114112K
  class space    used 4806K, committed 5312K, reserved 1048576K
}
Event: 7.583 GC heap after
{Heap after GC invocations=23 (full 0):
 garbage-first heap   total 307200K, used 88571K [0x0000000680000000, 0x0000000800000000)
  region size 4096K, 4 young (16384K), 4 survivors (16384K)
 Metaspace       used 37893K, committed 39040K, reserved 1114112K
  class space    used 4806K, committed 5312K, reserved 1048576K
}

