# JRE version: OpenJDK Runtime Environment Temurin-17.0.10+7 (17.0.10+7) (build 17.0.10+7)
# Java VM: OpenJDK 64-Bit Server VM Temurin-17.0.10+7 (17.0.10+7, mixed mode, sharing, tiered, compressed oops, compressed class ptrs, g1 gc, windows-amd64)
GC Precious Log:
 CPUs: 12 total, 12 available
 Memory: 5996M
 Large Page Support: Disabled
 NUMA Support: Disabled
 Compressed Oops: Enabled (Zero based)
 Heap Region Size: 4M
 Heap Min Capacity: 8M
 Heap Initial Capacity: 96M
 Heap Max Capacity: 6G
 Pre-touch: Disabled
 Parallel Workers: 10
 Concurrent Workers: 3
 Concurrent Refinement Workers: 10
 Periodic GC: Disabled
Heap:
 garbage-first heap   total 233472K, used 121870K [0x0000000680000000, 0x0000000800000000)
  region size 4096K, 2 young (8192K), 2 survivors (8192K)
 Metaspace       used 42238K, committed 43328K, reserved 1114112K
  class space    used 5521K, committed 6016K, reserved 1048576K
GC Heap History (20 events):
Event: 4.711 GC heap after
{Heap after GC invocations=17 (full 0):
 garbage-first heap   total 192512K, used 73728K [0x0000000680000000, 0x0000000800000000)
  region size 4096K, 1 young (4096K), 1 survivors (4096K)
 Metaspace       used 27545K, committed 28352K, reserved 1114112K
  class space    used 3394K, committed 3712K, reserved 1048576K
}
Event: 4.890 GC heap before
{Heap before GC invocations=17 (full 0):
 garbage-first heap   total 192512K, used 147456K [0x0000000680000000, 0x0000000800000000)
  region size 4096K, 19 young (77824K), 1 survivors (4096K)
 Metaspace       used 27577K, committed 28416K, reserved 1114112K
  class space    used 3397K, committed 3712K, reserved 1048576K
}
Event: 4.893 GC heap after
{Heap after GC invocations=18 (full 0):
 garbage-first heap   total 192512K, used 73931K [0x0000000680000000, 0x0000000800000000)
  region size 4096K, 1 young (4096K), 1 survivors (4096K)
 Metaspace       used 27577K, committed 28416K, reserved 1114112K
  class space    used 3397K, committed 3712K, reserved 1048576K
}
Event: 5.659 GC heap before
{Heap before GC invocations=18 (full 0):
 garbage-first heap   total 192512K, used 151755K [0x0000000680000000, 0x0000000800000000)
  region size 4096K, 20 young (81920K), 1 survivors (4096K)
 Metaspace       used 29123K, committed 30080K, reserved 1114112K
  class space    used 3609K, committed 4032K, reserved 1048576K
}
Event: 5.662 GC heap after
{Heap after GC invocations=19 (full 0):
 garbage-first heap   total 233472K, used 74883K [0x0000000680000000, 0x0000000800000000)
  region size 4096K, 1 young (4096K), 1 survivors (4096K)
 Metaspace       used 29123K, committed 30080K, reserved 1114112K
  class space    used 3609K, committed 4032K, reserved 1048576K
}
Event: 6.575 GC heap before
{Heap before GC invocations=19 (full 0):
 garbage-first heap   total 233472K, used 177283K [0x0000000680000000, 0x0000000800000000)
  region size 4096K, 26 young (106496K), 1 survivors (4096K)
 Metaspace       used 33292K, committed 34304K, reserved 1114112K
  class space    used 4044K, committed 4480K, reserved 1048576K
}
Event: 6.580 GC heap after
{Heap after GC invocations=20 (full 0):
 garbage-first heap   total 233472K, used 76965K [0x0000000680000000, 0x0000000800000000)
  region size 4096K, 2 young (8192K), 2 survivors (8192K)
 Metaspace       used 33292K, committed 34304K, reserved 1114112K
  class space    used 4044K, committed 4480K, reserved 1048576K
}
Event: 7.097 GC heap before
{Heap before GC invocations=20 (full 0):
 garbage-first heap   total 233472K, used 134309K [0x0000000680000000, 0x0000000800000000)
  region size 4096K, 17 young (69632K), 2 survivors (8192K)
 Metaspace       used 35220K, committed 36288K, reserved 1114112K
  class space    used 4255K, committed 4736K, reserved 1048576K
}
Event: 7.100 GC heap after
{Heap after GC invocations=21 (full 0):
 garbage-first heap   total 233472K, used 77839K [0x0000000680000000, 0x0000000800000000)
  region size 4096K, 2 young (8192K), 2 survivors (8192K)
 Metaspace       used 35220K, committed 36288K, reserved 1114112K
  class space    used 4255K, committed 4736K, reserved 1048576K
}
Event: 7.646 GC heap before
{Heap before GC invocations=22 (full 0):
 garbage-first heap   total 233472K, used 184335K [0x0000000680000000, 0x0000000800000000)
  region size 4096K, 29 young (118784K), 2 survivors (8192K)
 Metaspace       used 38065K, committed 39168K, reserved 1114112K
  class space    used 4892K, committed 5376K, reserved 1048576K
}
Event: 7.651 GC heap after
{Heap after GC invocations=23 (full 0):
 garbage-first heap   total 233472K, used 79999K [0x0000000680000000, 0x0000000800000000)
  region size 4096K, 2 young (8192K), 2 survivors (8192K)
 Metaspace       used 38065K, committed 39168K, reserved 1114112K
  class space    used 4892K, committed 5376K, reserved 1048576K
}
Event: 8.403 GC heap before
{Heap before GC invocations=23 (full 0):
 garbage-first heap   total 233472K, used 190591K [0x0000000680000000, 0x0000000800000000)
  region size 4096K, 29 young (118784K), 2 survivors (8192K)
 Metaspace       used 40218K, committed 41344K, reserved 1114112K
  class space    used 5197K, committed 5696K, reserved 1048576K
}
Event: 8.413 GC heap after
{Heap after GC invocations=24 (full 0):
 garbage-first heap   total 233472K, used 86854K [0x0000000680000000, 0x0000000800000000)
  region size 4096K, 4 young (16384K), 4 survivors (16384K)
 Metaspace       used 40218K, committed 41344K, reserved 1114112K
  class space    used 5197K, committed 5696K, reserved 1048576K
}
Event: 8.617 GC heap before
{Heap before GC invocations=24 (full 0):
 garbage-first heap   total 233472K, used 189254K [0x0000000680000000, 0x0000000800000000)
  region size 4096K, 29 young (118784K), 4 survivors (16384K)
 Metaspace       used 41072K, committed 42176K, reserved 1114112K
  class space    used 5352K, committed 5824K, reserved 1048576K
}
Event: 8.635 GC heap after
{Heap after GC invocations=25 (full 0):
 garbage-first heap   total 233472K, used 95982K [0x0000000680000000, 0x0000000800000000)
  region size 4096K, 4 young (16384K), 4 survivors (16384K)
 Metaspace       used 41072K, committed 42176K, reserved 1114112K
  class space    used 5352K, committed 5824K, reserved 1048576K
}
Event: 8.950 GC heap before
{Heap before GC invocations=25 (full 0):
 garbage-first heap   total 233472K, used 186094K [0x0000000680000000, 0x0000000800000000)
  region size 4096K, 26 young (106496K), 4 survivors (16384K)
 Metaspace       used 41776K, committed 42880K, reserved 1114112K
  class space    used 5458K, committed 5952K, reserved 1048576K
}
Event: 8.963 GC heap after
{Heap after GC invocations=26 (full 0):
 garbage-first heap   total 233472K, used 106319K [0x0000000680000000, 0x0000000800000000)
  region size 4096K, 3 young (12288K), 3 survivors (12288K)
 Metaspace       used 41776K, committed 42880K, reserved 1114112K
  class space    used 5458K, committed 5952K, reserved 1048576K
}
Event: 9.036 GC heap before
{Heap before GC invocations=26 (full 0):
 garbage-first heap   total 233472K, used 184143K [0x0000000680000000, 0x0000000800000000)
  region size 4096K, 22 young (90112K), 3 survivors (12288K)
 Metaspace       used 41776K, committed 42880K, reserved 1114112K
  class space    used 5458K, committed 5952K, reserved 1048576K
}
Event: 9.046 GC heap after
{Heap after GC invocations=27 (full 0):
 garbage-first heap   total 233472K, used 113959K [0x0000000680000000, 0x0000000800000000)
  region size 4096K, 2 young (8192K), 2 survivors (8192K)
 Metaspace       used 41776K, committed 42880K, reserved 1114112K
  class space    used 5458K, committed 5952K, reserved 1048576K
}
Event: 9.282 GC heap before
{Heap before GC invocations=27 (full 0):
 garbage-first heap   total 233472K, used 187687K [0x0000000680000000, 0x0000000800000000)
  region size 4096K, 20 young (81920K), 2 survivors (8192K)
 Metaspace       used 42238K, committed 43328K, reserved 1114112K
  class space    used 5521K, committed 6016K, reserved 1048576K
}

